Determining if the include file xlocale.h exists failed with the following output:
Change Dir: /home/emdc/EMDC/3rdParty/json-c-build/CMakeFiles/CMakeScratch/TryCompile-TAiYOm

Run Build Command(s):/usr/bin/gmake -f Makefile cmTC_629ad/fast && /usr/bin/gmake  -f CMakeFiles/cmTC_629ad.dir/build.make CMakeFiles/cmTC_629ad.dir/build
gmake[1]: Entering directory '/home/emdc/EMDC/3rdParty/json-c-build/CMakeFiles/CMakeScratch/TryCompile-TAiYOm'
Building C object CMakeFiles/cmTC_629ad.dir/CheckIncludeFile.c.o
/usr/bin/cc -D_GNU_SOURCE  -fPIE -o CMakeFiles/cmTC_629ad.dir/CheckIncludeFile.c.o -c /home/emdc/EMDC/3rdParty/json-c-build/CMakeFiles/CMakeScratch/TryCompile-TAiYOm/CheckIncludeFile.c
/home/emdc/EMDC/3rdParty/json-c-build/CMakeFiles/CMakeScratch/TryCompile-TAiYOm/CheckIncludeFile.c:1:10: fatal error: xlocale.h: No such file or directory
    1 | #include <xlocale.h>
      |          ^~~~~~~~~~~
compilation terminated.
gmake[1]: *** [CMakeFiles/cmTC_629ad.dir/build.make:78: CMakeFiles/cmTC_629ad.dir/CheckIncludeFile.c.o] Error 1
gmake[1]: Leaving directory '/home/emdc/EMDC/3rdParty/json-c-build/CMakeFiles/CMakeScratch/TryCompile-TAiYOm'
gmake: *** [Makefile:127: cmTC_629ad/fast] Error 2



Determining if the _isnan exist failed with the following output:
Change Dir: /home/emdc/EMDC/3rdParty/json-c-build/CMakeFiles/CMakeScratch/TryCompile-kRazfy

Run Build Command(s):/usr/bin/gmake -f Makefile cmTC_91502/fast && /usr/bin/gmake  -f CMakeFiles/cmTC_91502.dir/build.make CMakeFiles/cmTC_91502.dir/build
gmake[1]: Entering directory '/home/emdc/EMDC/3rdParty/json-c-build/CMakeFiles/CMakeScratch/TryCompile-kRazfy'
Building C object CMakeFiles/cmTC_91502.dir/CheckSymbolExists.c.o
/usr/bin/cc -D_GNU_SOURCE  -fPIE -o CMakeFiles/cmTC_91502.dir/CheckSymbolExists.c.o -c /home/emdc/EMDC/3rdParty/json-c-build/CMakeFiles/CMakeScratch/TryCompile-kRazfy/CheckSymbolExists.c
/home/emdc/EMDC/3rdParty/json-c-build/CMakeFiles/CMakeScratch/TryCompile-kRazfy/CheckSymbolExists.c: In function ‘main’:
/home/emdc/EMDC/3rdParty/json-c-build/CMakeFiles/CMakeScratch/TryCompile-kRazfy/CheckSymbolExists.c:8:19: error: ‘_isnan’ undeclared (first use in this function)
    8 |   return ((int*)(&_isnan))[argc];
      |                   ^~~~~~
/home/emdc/EMDC/3rdParty/json-c-build/CMakeFiles/CMakeScratch/TryCompile-kRazfy/CheckSymbolExists.c:8:19: note: each undeclared identifier is reported only once for each function it appears in
gmake[1]: *** [CMakeFiles/cmTC_91502.dir/build.make:78: CMakeFiles/cmTC_91502.dir/CheckSymbolExists.c.o] Error 1
gmake[1]: Leaving directory '/home/emdc/EMDC/3rdParty/json-c-build/CMakeFiles/CMakeScratch/TryCompile-kRazfy'
gmake: *** [Makefile:127: cmTC_91502/fast] Error 2


File CheckSymbolExists.c:
/* */
#include <float.h>

int main(int argc, char** argv)
{
  (void)argv;
#ifndef _isnan
  return ((int*)(&_isnan))[argc];
#else
  (void)argc;
  return 0;
#endif
}
Determining if the _finite exist failed with the following output:
Change Dir: /home/emdc/EMDC/3rdParty/json-c-build/CMakeFiles/CMakeScratch/TryCompile-lUMOhe

Run Build Command(s):/usr/bin/gmake -f Makefile cmTC_d27bd/fast && /usr/bin/gmake  -f CMakeFiles/cmTC_d27bd.dir/build.make CMakeFiles/cmTC_d27bd.dir/build
gmake[1]: Entering directory '/home/emdc/EMDC/3rdParty/json-c-build/CMakeFiles/CMakeScratch/TryCompile-lUMOhe'
Building C object CMakeFiles/cmTC_d27bd.dir/CheckSymbolExists.c.o
/usr/bin/cc -D_GNU_SOURCE  -fPIE -o CMakeFiles/cmTC_d27bd.dir/CheckSymbolExists.c.o -c /home/emdc/EMDC/3rdParty/json-c-build/CMakeFiles/CMakeScratch/TryCompile-lUMOhe/CheckSymbolExists.c
/home/emdc/EMDC/3rdParty/json-c-build/CMakeFiles/CMakeScratch/TryCompile-lUMOhe/CheckSymbolExists.c: In function ‘main’:
/home/emdc/EMDC/3rdParty/json-c-build/CMakeFiles/CMakeScratch/TryCompile-lUMOhe/CheckSymbolExists.c:8:19: error: ‘_finite’ undeclared (first use in this function)
    8 |   return ((int*)(&_finite))[argc];
      |                   ^~~~~~~
/home/emdc/EMDC/3rdParty/json-c-build/CMakeFiles/CMakeScratch/TryCompile-lUMOhe/CheckSymbolExists.c:8:19: note: each undeclared identifier is reported only once for each function it appears in
gmake[1]: *** [CMakeFiles/cmTC_d27bd.dir/build.make:78: CMakeFiles/cmTC_d27bd.dir/CheckSymbolExists.c.o] Error 1
gmake[1]: Leaving directory '/home/emdc/EMDC/3rdParty/json-c-build/CMakeFiles/CMakeScratch/TryCompile-lUMOhe'
gmake: *** [Makefile:127: cmTC_d27bd/fast] Error 2


File CheckSymbolExists.c:
/* */
#include <float.h>

int main(int argc, char** argv)
{
  (void)argv;
#ifndef _finite
  return ((int*)(&_finite))[argc];
#else
  (void)argc;
  return 0;
#endif
}
Determining if the _doprnt exist failed with the following output:
Change Dir: /home/emdc/EMDC/3rdParty/json-c-build/CMakeFiles/CMakeScratch/TryCompile-NodM5r

Run Build Command(s):/usr/bin/gmake -f Makefile cmTC_6e611/fast && /usr/bin/gmake  -f CMakeFiles/cmTC_6e611.dir/build.make CMakeFiles/cmTC_6e611.dir/build
gmake[1]: Entering directory '/home/emdc/EMDC/3rdParty/json-c-build/CMakeFiles/CMakeScratch/TryCompile-NodM5r'
Building C object CMakeFiles/cmTC_6e611.dir/CheckSymbolExists.c.o
/usr/bin/cc -D_GNU_SOURCE  -fPIE -o CMakeFiles/cmTC_6e611.dir/CheckSymbolExists.c.o -c /home/emdc/EMDC/3rdParty/json-c-build/CMakeFiles/CMakeScratch/TryCompile-NodM5r/CheckSymbolExists.c
/home/emdc/EMDC/3rdParty/json-c-build/CMakeFiles/CMakeScratch/TryCompile-NodM5r/CheckSymbolExists.c: In function ‘main’:
/home/emdc/EMDC/3rdParty/json-c-build/CMakeFiles/CMakeScratch/TryCompile-NodM5r/CheckSymbolExists.c:8:19: error: ‘_doprnt’ undeclared (first use in this function)
    8 |   return ((int*)(&_doprnt))[argc];
      |                   ^~~~~~~
/home/emdc/EMDC/3rdParty/json-c-build/CMakeFiles/CMakeScratch/TryCompile-NodM5r/CheckSymbolExists.c:8:19: note: each undeclared identifier is reported only once for each function it appears in
gmake[1]: *** [CMakeFiles/cmTC_6e611.dir/build.make:78: CMakeFiles/cmTC_6e611.dir/CheckSymbolExists.c.o] Error 1
gmake[1]: Leaving directory '/home/emdc/EMDC/3rdParty/json-c-build/CMakeFiles/CMakeScratch/TryCompile-NodM5r'
gmake: *** [Makefile:127: cmTC_6e611/fast] Error 2


File CheckSymbolExists.c:
/* */
#include <stdio.h>

int main(int argc, char** argv)
{
  (void)argv;
#ifndef _doprnt
  return ((int*)(&_doprnt))[argc];
#else
  (void)argc;
  return 0;
#endif
}
Performing C SOURCE FILE Test HAS_GNU_WARNING_LONG failed with the following output:
Change Dir: /home/emdc/EMDC/3rdParty/json-c-build/CMakeFiles/CMakeScratch/TryCompile-w99Oq1

Run Build Command(s):/usr/bin/gmake -f Makefile cmTC_7b181/fast && /usr/bin/gmake  -f CMakeFiles/cmTC_7b181.dir/build.make CMakeFiles/cmTC_7b181.dir/build
gmake[1]: Entering directory '/home/emdc/EMDC/3rdParty/json-c-build/CMakeFiles/CMakeScratch/TryCompile-w99Oq1'
Building C object CMakeFiles/cmTC_7b181.dir/src.c.o
/usr/bin/cc -DHAS_GNU_WARNING_LONG -D_GNU_SOURCE  -fPIE -o CMakeFiles/cmTC_7b181.dir/src.c.o -c /home/emdc/EMDC/3rdParty/json-c-build/CMakeFiles/CMakeScratch/TryCompile-w99Oq1/src.c
/home/emdc/EMDC/3rdParty/json-c-build/CMakeFiles/CMakeScratch/TryCompile-w99Oq1/src.c:3:9: warning: missing terminating " character
    3 | __asm__(".section .gnu.json_object_get
      |         ^
/home/emdc/EMDC/3rdParty/json-c-build/CMakeFiles/CMakeScratch/TryCompile-w99Oq1/src.c:3:9: error: missing terminating " character
    3 | __asm__(".section .gnu.json_object_get
      |         ^~~~~~~~~~~~~~~~~~~~~~~~~~~~~~
/home/emdc/EMDC/3rdParty/json-c-build/CMakeFiles/CMakeScratch/TryCompile-w99Oq1/src.c:4:9: error: expected string literal before ‘.’ token
    4 |         .ascii "Please link against libjson-c instead of libjson"
      |         ^
/home/emdc/EMDC/3rdParty/json-c-build/CMakeFiles/CMakeScratch/TryCompile-w99Oq1/src.c:5:14: warning: missing terminating " character
    5 |         .text");
      |              ^
/home/emdc/EMDC/3rdParty/json-c-build/CMakeFiles/CMakeScratch/TryCompile-w99Oq1/src.c:5:14: error: missing terminating " character
    5 |         .text");
      |              ^~~
gmake[1]: *** [CMakeFiles/cmTC_7b181.dir/build.make:78: CMakeFiles/cmTC_7b181.dir/src.c.o] Error 1
gmake[1]: Leaving directory '/home/emdc/EMDC/3rdParty/json-c-build/CMakeFiles/CMakeScratch/TryCompile-w99Oq1'
gmake: *** [Makefile:127: cmTC_7b181/fast] Error 2


Source file was:

extern void json_object_get();
__asm__(".section .gnu.json_object_get
	.ascii "Please link against libjson-c instead of libjson"
	.text");
int main(int c, char *v) { return 0;}


